c:\users\thiba\onedrive\documents\visual studio 2015\projects\project-directx\project-directx\debug\project-directx.pch
c:\users\thiba\onedrive\documents\visual studio 2015\projects\project-directx\project-directx\debug\vc140.pdb
c:\users\thiba\onedrive\documents\visual studio 2015\projects\project-directx\project-directx\debug\vc140.idb
c:\users\thiba\onedrive\documents\visual studio 2015\projects\project-directx\project-directx\debug\stdafx.obj
c:\users\thiba\onedrive\documents\visual studio 2015\projects\project-directx\project-directx\debug\d3dclass.obj
c:\users\thiba\onedrive\documents\visual studio 2015\projects\project-directx\project-directx\debug\ddstextureloader.obj
c:\users\thiba\onedrive\documents\visual studio 2015\projects\project-directx\project-directx\debug\simplemath.obj
c:\users\thiba\onedrive\documents\visual studio 2015\projects\project-directx\project-directx\debug\foliagecless.obj
c:\users\thiba\onedrive\documents\visual studio 2015\projects\project-directx\project-directx\debug\foliageshaderclass.obj
c:\users\thiba\onedrive\documents\visual studio 2015\projects\project-directx\project-directx\debug\fontclass.obj
c:\users\thiba\onedrive\documents\visual studio 2015\projects\project-directx\project-directx\debug\fontshaderclass.obj
c:\users\thiba\onedrive\documents\visual studio 2015\projects\project-directx\project-directx\debug\fpsclass.obj
c:\users\thiba\onedrive\documents\visual studio 2015\projects\project-directx\project-directx\debug\inputclass.obj
c:\users\thiba\onedrive\documents\visual studio 2015\projects\project-directx\project-directx\debug\main.obj
c:\users\thiba\onedrive\documents\visual studio 2015\projects\project-directx\project-directx\debug\modelclass.obj
c:\users\thiba\onedrive\documents\visual studio 2015\projects\project-directx\project-directx\debug\positionclass.obj
c:\users\thiba\onedrive\documents\visual studio 2015\projects\project-directx\project-directx\debug\shadermanagerclas.obj
c:\users\thiba\onedrive\documents\visual studio 2015\projects\project-directx\project-directx\debug\terrainclass.obj
c:\users\thiba\onedrive\documents\visual studio 2015\projects\project-directx\project-directx\debug\textclass.obj
c:\users\thiba\onedrive\documents\visual studio 2015\projects\project-directx\project-directx\debug\textureclass.obj
c:\users\thiba\onedrive\documents\visual studio 2015\projects\project-directx\project-directx\debug\textureshaderclass.obj
c:\users\thiba\onedrive\documents\visual studio 2015\projects\project-directx\project-directx\debug\timerclass.obj
c:\users\thiba\onedrive\documents\visual studio 2015\projects\project-directx\project-directx\debug\userinterfaceclass.obj
c:\users\thiba\onedrive\documents\visual studio 2015\projects\project-directx\project-directx\debug\applicationclass.obj
c:\users\thiba\onedrive\documents\visual studio 2015\projects\project-directx\project-directx\debug\cameraclass.obj
c:\users\thiba\onedrive\documents\visual studio 2015\projects\project-directx\project-directx\debug\colorshaderclass.obj
c:\users\thiba\onedrive\documents\visual studio 2015\projects\project-directx\project-directx\debug\cpuclass.obj
c:\users\thiba\onedrive\documents\visual studio 2015\projects\project-directx\project-directx\debug\systemclass.obj
c:\users\thiba\onedrive\documents\visual studio 2015\projects\project-directx\debug\project-directx.ilk
c:\users\thiba\onedrive\documents\visual studio 2015\projects\project-directx\debug\project-directx.exe
c:\users\thiba\onedrive\documents\visual studio 2015\projects\project-directx\debug\project-directx.pdb
c:\users\thiba\onedrive\documents\visual studio 2015\projects\project-directx\project-directx\debug\project-directx.res
c:\users\thiba\onedrive\documents\visual studio 2015\projects\project-directx\project-directx\debug\project-directx.tlog\cl.command.1.tlog
c:\users\thiba\onedrive\documents\visual studio 2015\projects\project-directx\project-directx\debug\project-directx.tlog\cl.read.1.tlog
c:\users\thiba\onedrive\documents\visual studio 2015\projects\project-directx\project-directx\debug\project-directx.tlog\cl.write.1.tlog
c:\users\thiba\onedrive\documents\visual studio 2015\projects\project-directx\project-directx\debug\project-directx.tlog\link.command.1.tlog
c:\users\thiba\onedrive\documents\visual studio 2015\projects\project-directx\project-directx\debug\project-directx.tlog\link.read.1.tlog
c:\users\thiba\onedrive\documents\visual studio 2015\projects\project-directx\project-directx\debug\project-directx.tlog\link.write.1.tlog
c:\users\thiba\onedrive\documents\visual studio 2015\projects\project-directx\project-directx\debug\project-directx.tlog\rc.command.1.tlog
c:\users\thiba\onedrive\documents\visual studio 2015\projects\project-directx\project-directx\debug\project-directx.tlog\rc.read.1.tlog
c:\users\thiba\onedrive\documents\visual studio 2015\projects\project-directx\project-directx\debug\project-directx.tlog\rc.write.1.tlog
