c:\users\thiba\desktop\biatch\directx2\project-directx\x64\debug\project-directx.pch
c:\users\thiba\desktop\biatch\directx2\project-directx\x64\debug\vc140.pdb
c:\users\thiba\desktop\biatch\directx2\project-directx\x64\debug\vc140.idb
c:\users\thiba\desktop\biatch\directx2\project-directx\x64\debug\stdafx.obj
c:\users\thiba\desktop\biatch\directx2\project-directx\x64\debug\cameraclass.obj
c:\users\thiba\desktop\biatch\directx2\project-directx\x64\debug\colorshaderclass.obj
c:\users\thiba\desktop\biatch\directx2\project-directx\x64\debug\cpuclass.obj
c:\users\thiba\desktop\biatch\directx2\project-directx\x64\debug\d3dclass.obj
c:\users\thiba\desktop\biatch\directx2\project-directx\x64\debug\ddstextureloader.obj
c:\users\thiba\desktop\biatch\directx2\project-directx\x64\debug\simplemath.obj
c:\users\thiba\desktop\biatch\directx2\project-directx\x64\debug\foliagecless.obj
c:\users\thiba\desktop\biatch\directx2\project-directx\x64\debug\foliageshaderclass.obj
c:\users\thiba\desktop\biatch\directx2\project-directx\x64\debug\inputclass.obj
c:\users\thiba\desktop\biatch\directx2\project-directx\x64\debug\main.obj
c:\users\thiba\desktop\biatch\directx2\project-directx\x64\debug\modelclass.obj
c:\users\thiba\desktop\biatch\directx2\project-directx\x64\debug\positionclass.obj
c:\users\thiba\desktop\biatch\directx2\project-directx\x64\debug\shadermanagerclas.obj
c:\users\thiba\desktop\biatch\directx2\project-directx\x64\debug\systemclass.obj
c:\users\thiba\desktop\biatch\directx2\project-directx\x64\debug\terrainclass.obj
c:\users\thiba\desktop\biatch\directx2\project-directx\x64\debug\textureclass.obj
c:\users\thiba\desktop\biatch\directx2\project-directx\x64\debug\textureshaderclass.obj
c:\users\thiba\desktop\biatch\directx2\project-directx\x64\debug\project-directx.tlog\cl.command.1.tlog
c:\users\thiba\desktop\biatch\directx2\project-directx\x64\debug\project-directx.tlog\cl.read.1.tlog
c:\users\thiba\desktop\biatch\directx2\project-directx\x64\debug\project-directx.tlog\cl.write.1.tlog
